2019-12-12 11:47:17.201 INFO [restartedMain]com.hosptialsys.App.logStarting:50 -Starting App on DESKTOP-ST4S1L6 with PID 142688 (started by 伍代涛20164401 in C:\Users\伍代涛20164401\Downloads\eclipse-jee-oxygen-R-win32-x86_64\eclipse-jee-oxygen-R-win32-x86_64\eclipse\hosptialsys)
2019-12-12 11:47:17.205 INFO [restartedMain]com.hosptialsys.App.logStartupProfileInfo:675 -No active profile set, falling back to default profiles: default
2019-12-12 11:47:17.359 INFO [restartedMain]o.s.b.devtools.env.DevToolsPropertyDefaultsPostProcessor.logTo:227 -Devtools property defaults active! Set 'spring.devtools.add-properties' to 'false' to disable
2019-12-12 11:47:17.360 INFO [restartedMain]o.s.b.devtools.env.DevToolsPropertyDefaultsPostProcessor.logTo:227 -For additional web related logging consider setting the 'logging.level.web' property to 'DEBUG'
2019-12-12 11:47:19.699 INFO [restartedMain]o.s.d.repository.config.RepositoryConfigurationDelegate.multipleStoresDetected:244 -Multiple Spring Data modules found, entering strict repository configuration mode!
2019-12-12 11:47:19.704 INFO [restartedMain]o.s.d.repository.config.RepositoryConfigurationDelegate.registerRepositoriesIn:126 -Bootstrapping Spring Data repositories in DEFAULT mode.
2019-12-12 11:47:19.779 INFO [restartedMain]o.s.d.repository.config.RepositoryConfigurationDelegate.registerRepositoriesIn:182 -Finished Spring Data repository scanning in 55ms. Found 0 repository interfaces.
2019-12-12 11:47:20.647 INFO [restartedMain]o.s.c.s.PostProcessorRegistrationDelegate$BeanPostProcessorChecker.postProcessAfterInitialization:330 -Bean 'org.springframework.transaction.annotation.ProxyTransactionManagementConfiguration' of type [org.springframework.transaction.annotation.ProxyTransactionManagementConfiguration$$EnhancerBySpringCGLIB$$2ececde] is not eligible for getting processed by all BeanPostProcessors (for example: not eligible for auto-proxying)
2019-12-12 11:47:22.071 INFO [restartedMain]o.s.boot.web.embedded.tomcat.TomcatWebServer.initialize:90 -Tomcat initialized with port(s): 8081 (http)
2019-12-12 11:47:22.093 INFO [restartedMain]org.apache.coyote.http11.Http11NioProtocol.log:173 -Initializing ProtocolHandler ["http-nio-8081"]
2019-12-12 11:47:22.109 INFO [restartedMain]org.apache.catalina.core.StandardService.log:173 -Starting service [Tomcat]
2019-12-12 11:47:22.110 INFO [restartedMain]org.apache.catalina.core.StandardEngine.log:173 -Starting Servlet engine: [Apache Tomcat/9.0.17]
2019-12-12 11:47:22.705 INFO [restartedMain]o.a.catalina.core.ContainerBase.[Tomcat].[localhost].[/].log:173 -Initializing Spring embedded WebApplicationContext
2019-12-12 11:47:22.707 INFO [restartedMain]org.springframework.web.context.ContextLoader.prepareWebApplicationContext:296 -Root WebApplicationContext: initialization completed in 5345 ms
2019-12-12 11:47:24.173 INFO [restartedMain]o.s.scheduling.concurrent.ThreadPoolTaskExecutor.initialize:171 -Initializing ExecutorService 'applicationTaskExecutor'
2019-12-12 11:47:26.103 INFO [restartedMain]o.s.boot.devtools.autoconfigure.OptionalLiveReloadServer.startServer:57 -LiveReload server is running on port 35729
2019-12-12 11:47:26.207 INFO [restartedMain]org.apache.coyote.http11.Http11NioProtocol.log:173 -Starting ProtocolHandler ["http-nio-8081"]
2019-12-12 11:47:26.282 INFO [restartedMain]o.s.boot.web.embedded.tomcat.TomcatWebServer.start:204 -Tomcat started on port(s): 8081 (http) with context path ''
2019-12-12 11:47:26.297 INFO [restartedMain]com.hosptialsys.App.logStarted:59 -Started App in 10.061 seconds (JVM running for 10.985)
2019-12-12 11:49:16.201 INFO [http-nio-8081-exec-10]o.a.catalina.core.ContainerBase.[Tomcat].[localhost].[/].log:173 -Initializing Spring DispatcherServlet 'dispatcherServlet'
2019-12-12 11:49:16.204 INFO [http-nio-8081-exec-10]org.springframework.web.servlet.DispatcherServlet.initServletBean:524 -Initializing Servlet 'dispatcherServlet'
2019-12-12 11:49:16.223 INFO [http-nio-8081-exec-10]org.springframework.web.servlet.DispatcherServlet.initServletBean:546 -Completed initialization in 19 ms
2019-12-12 11:49:16.402 WARN [http-nio-8081-exec-10]o.s.w.s.mvc.support.DefaultHandlerExceptionResolver.logException:197 -Resolved [org.springframework.web.HttpRequestMethodNotSupportedException: Request method 'POST' not supported]
2019-12-12 11:53:45.017 INFO [http-nio-8081-exec-10]com.alibaba.druid.pool.DruidDataSource.init:922 -{dataSource-1} inited
2019-12-12 12:33:17.664 INFO [restartedMain]com.hosptialsys.App.logStarting:50 -Starting App on DESKTOP-ST4S1L6 with PID 128816 (started by 伍代涛20164401 in C:\Users\伍代涛20164401\Downloads\eclipse-jee-oxygen-R-win32-x86_64\eclipse-jee-oxygen-R-win32-x86_64\eclipse\hosptialsys)
2019-12-12 12:33:17.672 INFO [restartedMain]com.hosptialsys.App.logStartupProfileInfo:675 -No active profile set, falling back to default profiles: default
2019-12-12 12:33:17.849 INFO [restartedMain]o.s.b.devtools.env.DevToolsPropertyDefaultsPostProcessor.logTo:227 -Devtools property defaults active! Set 'spring.devtools.add-properties' to 'false' to disable
2019-12-12 12:33:17.850 INFO [restartedMain]o.s.b.devtools.env.DevToolsPropertyDefaultsPostProcessor.logTo:227 -For additional web related logging consider setting the 'logging.level.web' property to 'DEBUG'
2019-12-12 12:33:19.988 INFO [restartedMain]o.s.d.repository.config.RepositoryConfigurationDelegate.multipleStoresDetected:244 -Multiple Spring Data modules found, entering strict repository configuration mode!
2019-12-12 12:33:19.996 INFO [restartedMain]o.s.d.repository.config.RepositoryConfigurationDelegate.registerRepositoriesIn:126 -Bootstrapping Spring Data repositories in DEFAULT mode.
2019-12-12 12:33:20.145 INFO [restartedMain]o.s.d.repository.config.RepositoryConfigurationDelegate.registerRepositoriesIn:182 -Finished Spring Data repository scanning in 112ms. Found 0 repository interfaces.
2019-12-12 12:33:20.904 INFO [restartedMain]o.s.c.s.PostProcessorRegistrationDelegate$BeanPostProcessorChecker.postProcessAfterInitialization:330 -Bean 'org.springframework.transaction.annotation.ProxyTransactionManagementConfiguration' of type [org.springframework.transaction.annotation.ProxyTransactionManagementConfiguration$$EnhancerBySpringCGLIB$$aee72825] is not eligible for getting processed by all BeanPostProcessors (for example: not eligible for auto-proxying)
2019-12-12 12:33:22.181 INFO [restartedMain]o.s.boot.web.embedded.tomcat.TomcatWebServer.initialize:90 -Tomcat initialized with port(s): 8081 (http)
2019-12-12 12:33:22.205 INFO [restartedMain]org.apache.coyote.http11.Http11NioProtocol.log:173 -Initializing ProtocolHandler ["http-nio-8081"]
2019-12-12 12:33:22.327 INFO [restartedMain]org.apache.catalina.core.StandardService.log:173 -Starting service [Tomcat]
2019-12-12 12:33:22.328 INFO [restartedMain]org.apache.catalina.core.StandardEngine.log:173 -Starting Servlet engine: [Apache Tomcat/9.0.17]
2019-12-12 12:33:22.547 INFO [restartedMain]o.a.catalina.core.ContainerBase.[Tomcat].[localhost].[/].log:173 -Initializing Spring embedded WebApplicationContext
2019-12-12 12:33:22.548 INFO [restartedMain]org.springframework.web.context.ContextLoader.prepareWebApplicationContext:296 -Root WebApplicationContext: initialization completed in 4697 ms
2019-12-12 12:33:24.074 INFO [restartedMain]o.s.scheduling.concurrent.ThreadPoolTaskExecutor.initialize:171 -Initializing ExecutorService 'applicationTaskExecutor'
2019-12-12 12:33:25.550 INFO [restartedMain]o.s.boot.devtools.autoconfigure.OptionalLiveReloadServer.startServer:57 -LiveReload server is running on port 35729
2019-12-12 12:33:25.603 INFO [restartedMain]org.apache.coyote.http11.Http11NioProtocol.log:173 -Starting ProtocolHandler ["http-nio-8081"]
2019-12-12 12:33:25.654 INFO [restartedMain]o.s.boot.web.embedded.tomcat.TomcatWebServer.start:204 -Tomcat started on port(s): 8081 (http) with context path ''
2019-12-12 12:33:25.658 INFO [restartedMain]com.hosptialsys.App.logStarted:59 -Started App in 8.955 seconds (JVM running for 9.829)
2019-12-12 12:34:03.919 INFO [http-nio-8081-exec-1]o.a.catalina.core.ContainerBase.[Tomcat].[localhost].[/].log:173 -Initializing Spring DispatcherServlet 'dispatcherServlet'
2019-12-12 12:34:03.920 INFO [http-nio-8081-exec-1]org.springframework.web.servlet.DispatcherServlet.initServletBean:524 -Initializing Servlet 'dispatcherServlet'
2019-12-12 12:34:03.937 INFO [http-nio-8081-exec-1]org.springframework.web.servlet.DispatcherServlet.initServletBean:546 -Completed initialization in 17 ms
2019-12-12 12:34:58.105 WARN [http-nio-8081-exec-7]o.s.w.s.mvc.support.DefaultHandlerExceptionResolver.logException:197 -Resolved [org.springframework.web.bind.MissingServletRequestParameterException: Required int parameter 'resv_id' is not present]
2019-12-12 14:04:17.183 INFO [restartedMain]com.hosptialsys.App.logStarting:50 -Starting App on DESKTOP-ST4S1L6 with PID 109832 (started by 伍代涛20164401 in C:\Users\伍代涛20164401\Downloads\eclipse-jee-oxygen-R-win32-x86_64\eclipse-jee-oxygen-R-win32-x86_64\eclipse\hosptialsys)
2019-12-12 14:04:17.253 INFO [restartedMain]com.hosptialsys.App.logStartupProfileInfo:675 -No active profile set, falling back to default profiles: default
2019-12-12 14:04:17.735 INFO [restartedMain]o.s.b.devtools.env.DevToolsPropertyDefaultsPostProcessor.logTo:227 -Devtools property defaults active! Set 'spring.devtools.add-properties' to 'false' to disable
2019-12-12 14:04:17.736 INFO [restartedMain]o.s.b.devtools.env.DevToolsPropertyDefaultsPostProcessor.logTo:227 -For additional web related logging consider setting the 'logging.level.web' property to 'DEBUG'
2019-12-12 14:04:22.561 INFO [restartedMain]o.s.d.repository.config.RepositoryConfigurationDelegate.multipleStoresDetected:244 -Multiple Spring Data modules found, entering strict repository configuration mode!
2019-12-12 14:04:22.580 INFO [restartedMain]o.s.d.repository.config.RepositoryConfigurationDelegate.registerRepositoriesIn:126 -Bootstrapping Spring Data repositories in DEFAULT mode.
2019-12-12 14:04:22.730 INFO [restartedMain]o.s.d.repository.config.RepositoryConfigurationDelegate.registerRepositoriesIn:182 -Finished Spring Data repository scanning in 73ms. Found 0 repository interfaces.
2019-12-12 14:04:23.939 INFO [restartedMain]o.s.c.s.PostProcessorRegistrationDelegate$BeanPostProcessorChecker.postProcessAfterInitialization:330 -Bean 'org.springframework.transaction.annotation.ProxyTransactionManagementConfiguration' of type [org.springframework.transaction.annotation.ProxyTransactionManagementConfiguration$$EnhancerBySpringCGLIB$$60b36475] is not eligible for getting processed by all BeanPostProcessors (for example: not eligible for auto-proxying)
2019-12-12 14:04:26.804 INFO [restartedMain]o.s.boot.web.embedded.tomcat.TomcatWebServer.initialize:90 -Tomcat initialized with port(s): 8081 (http)
2019-12-12 14:04:26.977 INFO [restartedMain]org.apache.coyote.http11.Http11NioProtocol.log:173 -Initializing ProtocolHandler ["http-nio-8081"]
2019-12-12 14:04:27.048 INFO [restartedMain]org.apache.catalina.core.StandardService.log:173 -Starting service [Tomcat]
2019-12-12 14:04:27.049 INFO [restartedMain]org.apache.catalina.core.StandardEngine.log:173 -Starting Servlet engine: [Apache Tomcat/9.0.17]
2019-12-12 14:04:28.343 INFO [restartedMain]o.a.catalina.core.ContainerBase.[Tomcat].[localhost].[/].log:173 -Initializing Spring embedded WebApplicationContext
2019-12-12 14:04:28.344 INFO [restartedMain]org.springframework.web.context.ContextLoader.prepareWebApplicationContext:296 -Root WebApplicationContext: initialization completed in 10607 ms
2019-12-12 14:04:30.452 INFO [restartedMain]o.s.scheduling.concurrent.ThreadPoolTaskExecutor.initialize:171 -Initializing ExecutorService 'applicationTaskExecutor'
2019-12-12 14:04:34.250 INFO [restartedMain]o.s.boot.devtools.autoconfigure.OptionalLiveReloadServer.startServer:57 -LiveReload server is running on port 35729
2019-12-12 14:04:34.329 INFO [restartedMain]org.apache.coyote.http11.Http11NioProtocol.log:173 -Starting ProtocolHandler ["http-nio-8081"]
2019-12-12 14:04:34.482 INFO [restartedMain]o.s.boot.web.embedded.tomcat.TomcatWebServer.start:204 -Tomcat started on port(s): 8081 (http) with context path ''
2019-12-12 14:04:34.488 INFO [restartedMain]com.hosptialsys.App.logStarted:59 -Started App in 21.696 seconds (JVM running for 25.699)
2019-12-12 14:04:58.567 INFO [http-nio-8081-exec-1]o.a.catalina.core.ContainerBase.[Tomcat].[localhost].[/].log:173 -Initializing Spring DispatcherServlet 'dispatcherServlet'
2019-12-12 14:04:58.568 INFO [http-nio-8081-exec-1]org.springframework.web.servlet.DispatcherServlet.initServletBean:524 -Initializing Servlet 'dispatcherServlet'
2019-12-12 14:04:58.583 INFO [http-nio-8081-exec-1]org.springframework.web.servlet.DispatcherServlet.initServletBean:546 -Completed initialization in 15 ms
2019-12-12 14:05:05.067 WARN [http-nio-8081-exec-6]o.s.w.s.mvc.support.DefaultHandlerExceptionResolver.logException:197 -Resolved [org.springframework.web.bind.MissingServletRequestParameterException: Required int parameter 'resv_id' is not present]
2019-12-12 15:52:21.667 INFO [restartedMain]com.hosptialsys.App.logStarting:50 -Starting App on DESKTOP-ST4S1L6 with PID 141744 (started by 伍代涛20164401 in C:\Users\伍代涛20164401\Downloads\eclipse-jee-oxygen-R-win32-x86_64\eclipse-jee-oxygen-R-win32-x86_64\eclipse\hosptialsys)
2019-12-12 15:52:21.694 INFO [restartedMain]com.hosptialsys.App.logStartupProfileInfo:675 -No active profile set, falling back to default profiles: default
2019-12-12 15:52:22.040 INFO [restartedMain]o.s.b.devtools.env.DevToolsPropertyDefaultsPostProcessor.logTo:227 -Devtools property defaults active! Set 'spring.devtools.add-properties' to 'false' to disable
2019-12-12 15:52:22.040 INFO [restartedMain]o.s.b.devtools.env.DevToolsPropertyDefaultsPostProcessor.logTo:227 -For additional web related logging consider setting the 'logging.level.web' property to 'DEBUG'
2019-12-12 15:52:25.716 INFO [restartedMain]o.s.d.repository.config.RepositoryConfigurationDelegate.multipleStoresDetected:244 -Multiple Spring Data modules found, entering strict repository configuration mode!
2019-12-12 15:52:25.722 INFO [restartedMain]o.s.d.repository.config.RepositoryConfigurationDelegate.registerRepositoriesIn:126 -Bootstrapping Spring Data repositories in DEFAULT mode.
2019-12-12 15:52:25.842 INFO [restartedMain]o.s.d.repository.config.RepositoryConfigurationDelegate.registerRepositoriesIn:182 -Finished Spring Data repository scanning in 52ms. Found 0 repository interfaces.
2019-12-12 15:52:27.588 INFO [restartedMain]o.s.c.s.PostProcessorRegistrationDelegate$BeanPostProcessorChecker.postProcessAfterInitialization:330 -Bean 'org.springframework.transaction.annotation.ProxyTransactionManagementConfiguration' of type [org.springframework.transaction.annotation.ProxyTransactionManagementConfiguration$$EnhancerBySpringCGLIB$$452d4ac8] is not eligible for getting processed by all BeanPostProcessors (for example: not eligible for auto-proxying)
2019-12-12 15:52:31.031 INFO [restartedMain]o.s.boot.web.embedded.tomcat.TomcatWebServer.initialize:90 -Tomcat initialized with port(s): 8081 (http)
2019-12-12 15:52:31.204 INFO [restartedMain]org.apache.coyote.http11.Http11NioProtocol.log:173 -Initializing ProtocolHandler ["http-nio-8081"]
2019-12-12 15:52:31.265 INFO [restartedMain]org.apache.catalina.core.StandardService.log:173 -Starting service [Tomcat]
2019-12-12 15:52:31.265 INFO [restartedMain]org.apache.catalina.core.StandardEngine.log:173 -Starting Servlet engine: [Apache Tomcat/9.0.17]
2019-12-12 15:52:31.785 INFO [restartedMain]o.a.catalina.core.ContainerBase.[Tomcat].[localhost].[/].log:173 -Initializing Spring embedded WebApplicationContext
2019-12-12 15:52:31.787 INFO [restartedMain]org.springframework.web.context.ContextLoader.prepareWebApplicationContext:296 -Root WebApplicationContext: initialization completed in 9745 ms
2019-12-12 15:52:33.836 INFO [restartedMain]o.s.scheduling.concurrent.ThreadPoolTaskExecutor.initialize:171 -Initializing ExecutorService 'applicationTaskExecutor'
2019-12-12 15:52:36.586 INFO [restartedMain]o.s.boot.devtools.autoconfigure.OptionalLiveReloadServer.startServer:57 -LiveReload server is running on port 35729
2019-12-12 15:52:36.663 INFO [restartedMain]org.apache.coyote.http11.Http11NioProtocol.log:173 -Starting ProtocolHandler ["http-nio-8081"]
2019-12-12 15:52:36.853 INFO [restartedMain]o.s.boot.web.embedded.tomcat.TomcatWebServer.start:204 -Tomcat started on port(s): 8081 (http) with context path ''
2019-12-12 15:52:36.858 INFO [restartedMain]com.hosptialsys.App.logStarted:59 -Started App in 19.069 seconds (JVM running for 19.819)
2019-12-12 15:52:59.858 INFO [http-nio-8081-exec-1]o.a.catalina.core.ContainerBase.[Tomcat].[localhost].[/].log:173 -Initializing Spring DispatcherServlet 'dispatcherServlet'
2019-12-12 15:52:59.859 INFO [http-nio-8081-exec-1]org.springframework.web.servlet.DispatcherServlet.initServletBean:524 -Initializing Servlet 'dispatcherServlet'
2019-12-12 15:52:59.881 INFO [http-nio-8081-exec-1]org.springframework.web.servlet.DispatcherServlet.initServletBean:546 -Completed initialization in 20 ms
2019-12-12 15:53:45.912 INFO [http-nio-8081-exec-6]com.alibaba.druid.pool.DruidDataSource.init:922 -{dataSource-1} inited
2019-12-12 16:19:07.272 INFO [restartedMain]com.hosptialsys.App.logStarting:50 -Starting App on DESKTOP-ST4S1L6 with PID 145316 (started by 伍代涛20164401 in C:\Users\伍代涛20164401\Downloads\eclipse-jee-oxygen-R-win32-x86_64\eclipse-jee-oxygen-R-win32-x86_64\eclipse\hosptialsys)
2019-12-12 16:19:07.281 INFO [restartedMain]com.hosptialsys.App.logStartupProfileInfo:675 -No active profile set, falling back to default profiles: default
2019-12-12 16:19:07.433 INFO [restartedMain]o.s.b.devtools.env.DevToolsPropertyDefaultsPostProcessor.logTo:227 -Devtools property defaults active! Set 'spring.devtools.add-properties' to 'false' to disable
2019-12-12 16:19:07.434 INFO [restartedMain]o.s.b.devtools.env.DevToolsPropertyDefaultsPostProcessor.logTo:227 -For additional web related logging consider setting the 'logging.level.web' property to 'DEBUG'
2019-12-12 16:19:10.187 INFO [restartedMain]o.s.d.repository.config.RepositoryConfigurationDelegate.multipleStoresDetected:244 -Multiple Spring Data modules found, entering strict repository configuration mode!
2019-12-12 16:19:10.196 INFO [restartedMain]o.s.d.repository.config.RepositoryConfigurationDelegate.registerRepositoriesIn:126 -Bootstrapping Spring Data repositories in DEFAULT mode.
2019-12-12 16:19:10.299 INFO [restartedMain]o.s.d.repository.config.RepositoryConfigurationDelegate.registerRepositoriesIn:182 -Finished Spring Data repository scanning in 65ms. Found 0 repository interfaces.
2019-12-12 16:19:11.243 INFO [restartedMain]o.s.c.s.PostProcessorRegistrationDelegate$BeanPostProcessorChecker.postProcessAfterInitialization:330 -Bean 'org.springframework.transaction.annotation.ProxyTransactionManagementConfiguration' of type [org.springframework.transaction.annotation.ProxyTransactionManagementConfiguration$$EnhancerBySpringCGLIB$$fcfdaac6] is not eligible for getting processed by all BeanPostProcessors (for example: not eligible for auto-proxying)
2019-12-12 16:19:13.030 INFO [restartedMain]o.s.boot.web.embedded.tomcat.TomcatWebServer.initialize:90 -Tomcat initialized with port(s): 8081 (http)
2019-12-12 16:19:13.070 INFO [restartedMain]org.apache.coyote.http11.Http11NioProtocol.log:173 -Initializing ProtocolHandler ["http-nio-8081"]
2019-12-12 16:19:13.266 INFO [restartedMain]org.apache.catalina.core.StandardService.log:173 -Starting service [Tomcat]
2019-12-12 16:19:13.267 INFO [restartedMain]org.apache.catalina.core.StandardEngine.log:173 -Starting Servlet engine: [Apache Tomcat/9.0.17]
2019-12-12 16:19:13.687 INFO [restartedMain]o.a.catalina.core.ContainerBase.[Tomcat].[localhost].[/].log:173 -Initializing Spring embedded WebApplicationContext
2019-12-12 16:19:13.688 INFO [restartedMain]org.springframework.web.context.ContextLoader.prepareWebApplicationContext:296 -Root WebApplicationContext: initialization completed in 6251 ms
2019-12-12 16:19:16.128 INFO [restartedMain]o.s.scheduling.concurrent.ThreadPoolTaskExecutor.initialize:171 -Initializing ExecutorService 'applicationTaskExecutor'
2019-12-12 16:19:18.637 INFO [restartedMain]o.s.boot.devtools.autoconfigure.OptionalLiveReloadServer.startServer:57 -LiveReload server is running on port 35729
2019-12-12 16:19:18.692 INFO [restartedMain]org.apache.coyote.http11.Http11NioProtocol.log:173 -Starting ProtocolHandler ["http-nio-8081"]
2019-12-12 16:19:18.745 INFO [restartedMain]o.s.boot.web.embedded.tomcat.TomcatWebServer.start:204 -Tomcat started on port(s): 8081 (http) with context path ''
2019-12-12 16:19:18.754 INFO [restartedMain]com.hosptialsys.App.logStarted:59 -Started App in 12.491 seconds (JVM running for 13.497)
2019-12-12 16:19:34.072 INFO [http-nio-8081-exec-1]o.a.catalina.core.ContainerBase.[Tomcat].[localhost].[/].log:173 -Initializing Spring DispatcherServlet 'dispatcherServlet'
2019-12-12 16:19:34.073 INFO [http-nio-8081-exec-1]org.springframework.web.servlet.DispatcherServlet.initServletBean:524 -Initializing Servlet 'dispatcherServlet'
2019-12-12 16:19:34.101 INFO [http-nio-8081-exec-1]org.springframework.web.servlet.DispatcherServlet.initServletBean:546 -Completed initialization in 28 ms
2019-12-12 16:21:14.645 INFO [http-nio-8081-exec-9]com.alibaba.druid.pool.DruidDataSource.init:922 -{dataSource-1} inited
2019-12-12 17:10:05.194 INFO [restartedMain]com.hosptialsys.App.logStarting:50 -Starting App on DESKTOP-ST4S1L6 with PID 106148 (started by 伍代涛20164401 in C:\Users\伍代涛20164401\Downloads\eclipse-jee-oxygen-R-win32-x86_64\eclipse-jee-oxygen-R-win32-x86_64\eclipse\hosptialsys)
2019-12-12 17:10:05.201 INFO [restartedMain]com.hosptialsys.App.logStartupProfileInfo:675 -No active profile set, falling back to default profiles: default
2019-12-12 17:10:05.332 INFO [restartedMain]o.s.b.devtools.env.DevToolsPropertyDefaultsPostProcessor.logTo:227 -Devtools property defaults active! Set 'spring.devtools.add-properties' to 'false' to disable
2019-12-12 17:10:05.333 INFO [restartedMain]o.s.b.devtools.env.DevToolsPropertyDefaultsPostProcessor.logTo:227 -For additional web related logging consider setting the 'logging.level.web' property to 'DEBUG'
2019-12-12 17:10:08.498 INFO [restartedMain]o.s.d.repository.config.RepositoryConfigurationDelegate.multipleStoresDetected:244 -Multiple Spring Data modules found, entering strict repository configuration mode!
2019-12-12 17:10:08.504 INFO [restartedMain]o.s.d.repository.config.RepositoryConfigurationDelegate.registerRepositoriesIn:126 -Bootstrapping Spring Data repositories in DEFAULT mode.
2019-12-12 17:10:08.602 INFO [restartedMain]o.s.d.repository.config.RepositoryConfigurationDelegate.registerRepositoriesIn:182 -Finished Spring Data repository scanning in 69ms. Found 0 repository interfaces.
2019-12-12 17:10:09.682 INFO [restartedMain]o.s.c.s.PostProcessorRegistrationDelegate$BeanPostProcessorChecker.postProcessAfterInitialization:330 -Bean 'org.springframework.transaction.annotation.ProxyTransactionManagementConfiguration' of type [org.springframework.transaction.annotation.ProxyTransactionManagementConfiguration$$EnhancerBySpringCGLIB$$fd1ffcea] is not eligible for getting processed by all BeanPostProcessors (for example: not eligible for auto-proxying)
2019-12-12 17:10:11.314 INFO [restartedMain]o.s.boot.web.embedded.tomcat.TomcatWebServer.initialize:90 -Tomcat initialized with port(s): 8081 (http)
2019-12-12 17:10:11.340 INFO [restartedMain]org.apache.coyote.http11.Http11NioProtocol.log:173 -Initializing ProtocolHandler ["http-nio-8081"]
2019-12-12 17:10:11.479 INFO [restartedMain]org.apache.catalina.core.StandardService.log:173 -Starting service [Tomcat]
2019-12-12 17:10:11.480 INFO [restartedMain]org.apache.catalina.core.StandardEngine.log:173 -Starting Servlet engine: [Apache Tomcat/9.0.17]
2019-12-12 17:10:11.993 INFO [restartedMain]o.a.catalina.core.ContainerBase.[Tomcat].[localhost].[/].log:173 -Initializing Spring embedded WebApplicationContext
2019-12-12 17:10:11.994 INFO [restartedMain]org.springframework.web.context.ContextLoader.prepareWebApplicationContext:296 -Root WebApplicationContext: initialization completed in 6660 ms
2019-12-12 17:10:14.049 INFO [restartedMain]o.s.scheduling.concurrent.ThreadPoolTaskExecutor.initialize:171 -Initializing ExecutorService 'applicationTaskExecutor'
2019-12-12 17:10:16.899 INFO [restartedMain]o.s.boot.devtools.autoconfigure.OptionalLiveReloadServer.startServer:57 -LiveReload server is running on port 35729
2019-12-12 17:10:16.995 INFO [restartedMain]org.apache.coyote.http11.Http11NioProtocol.log:173 -Starting ProtocolHandler ["http-nio-8081"]
2019-12-12 17:10:17.096 INFO [restartedMain]o.s.boot.web.embedded.tomcat.TomcatWebServer.start:204 -Tomcat started on port(s): 8081 (http) with context path ''
2019-12-12 17:10:17.102 INFO [restartedMain]com.hosptialsys.App.logStarted:59 -Started App in 13.024 seconds (JVM running for 14.456)
2019-12-12 17:10:28.320 INFO [http-nio-8081-exec-1]o.a.catalina.core.ContainerBase.[Tomcat].[localhost].[/].log:173 -Initializing Spring DispatcherServlet 'dispatcherServlet'
2019-12-12 17:10:28.320 INFO [http-nio-8081-exec-1]org.springframework.web.servlet.DispatcherServlet.initServletBean:524 -Initializing Servlet 'dispatcherServlet'
2019-12-12 17:10:28.343 INFO [http-nio-8081-exec-1]org.springframework.web.servlet.DispatcherServlet.initServletBean:546 -Completed initialization in 22 ms
2019-12-12 17:33:51.913 INFO [http-nio-8081-exec-1]com.alibaba.druid.pool.DruidDataSource.init:922 -{dataSource-1} inited
2019-12-12 19:22:41.212 INFO [restartedMain]com.hosptialsys.App.logStarting:50 -Starting App on DESKTOP-ST4S1L6 with PID 144472 (started by 伍代涛20164401 in C:\Users\伍代涛20164401\Downloads\eclipse-jee-oxygen-R-win32-x86_64\eclipse-jee-oxygen-R-win32-x86_64\eclipse\hosptialsys)
2019-12-12 19:22:41.244 INFO [restartedMain]com.hosptialsys.App.logStartupProfileInfo:675 -No active profile set, falling back to default profiles: default
2019-12-12 19:22:41.642 INFO [restartedMain]o.s.b.devtools.env.DevToolsPropertyDefaultsPostProcessor.logTo:227 -Devtools property defaults active! Set 'spring.devtools.add-properties' to 'false' to disable
2019-12-12 19:22:41.644 INFO [restartedMain]o.s.b.devtools.env.DevToolsPropertyDefaultsPostProcessor.logTo:227 -For additional web related logging consider setting the 'logging.level.web' property to 'DEBUG'
2019-12-12 19:22:44.959 INFO [restartedMain]o.s.d.repository.config.RepositoryConfigurationDelegate.multipleStoresDetected:244 -Multiple Spring Data modules found, entering strict repository configuration mode!
2019-12-12 19:22:44.964 INFO [restartedMain]o.s.d.repository.config.RepositoryConfigurationDelegate.registerRepositoriesIn:126 -Bootstrapping Spring Data repositories in DEFAULT mode.
2019-12-12 19:22:45.145 INFO [restartedMain]o.s.d.repository.config.RepositoryConfigurationDelegate.registerRepositoriesIn:182 -Finished Spring Data repository scanning in 101ms. Found 0 repository interfaces.
2019-12-12 19:22:46.610 INFO [restartedMain]o.s.c.s.PostProcessorRegistrationDelegate$BeanPostProcessorChecker.postProcessAfterInitialization:330 -Bean 'org.springframework.transaction.annotation.ProxyTransactionManagementConfiguration' of type [org.springframework.transaction.annotation.ProxyTransactionManagementConfiguration$$EnhancerBySpringCGLIB$$4cf730dc] is not eligible for getting processed by all BeanPostProcessors (for example: not eligible for auto-proxying)
2019-12-12 19:22:49.061 INFO [restartedMain]o.s.boot.web.embedded.tomcat.TomcatWebServer.initialize:90 -Tomcat initialized with port(s): 8081 (http)
2019-12-12 19:22:49.236 INFO [restartedMain]org.apache.coyote.http11.Http11NioProtocol.log:173 -Initializing ProtocolHandler ["http-nio-8081"]
2019-12-12 19:22:49.414 INFO [restartedMain]org.apache.catalina.core.StandardService.log:173 -Starting service [Tomcat]
2019-12-12 19:22:49.415 INFO [restartedMain]org.apache.catalina.core.StandardEngine.log:173 -Starting Servlet engine: [Apache Tomcat/9.0.17]
2019-12-12 19:22:49.968 INFO [restartedMain]o.a.catalina.core.ContainerBase.[Tomcat].[localhost].[/].log:173 -Initializing Spring embedded WebApplicationContext
2019-12-12 19:22:49.969 INFO [restartedMain]org.springframework.web.context.ContextLoader.prepareWebApplicationContext:296 -Root WebApplicationContext: initialization completed in 8324 ms
2019-12-12 19:22:52.265 INFO [restartedMain]o.s.scheduling.concurrent.ThreadPoolTaskExecutor.initialize:171 -Initializing ExecutorService 'applicationTaskExecutor'
2019-12-12 19:22:55.502 INFO [restartedMain]o.s.boot.devtools.autoconfigure.OptionalLiveReloadServer.startServer:57 -LiveReload server is running on port 35729
2019-12-12 19:22:55.711 INFO [restartedMain]org.apache.coyote.http11.Http11NioProtocol.log:173 -Starting ProtocolHandler ["http-nio-8081"]
2019-12-12 19:22:57.550 INFO [restartedMain]o.s.boot.web.embedded.tomcat.TomcatWebServer.start:204 -Tomcat started on port(s): 8081 (http) with context path ''
2019-12-12 19:22:57.623 INFO [restartedMain]com.hosptialsys.App.logStarted:59 -Started App in 17.66 seconds (JVM running for 18.757)
2019-12-12 19:23:09.398 INFO [http-nio-8081-exec-1]o.a.catalina.core.ContainerBase.[Tomcat].[localhost].[/].log:173 -Initializing Spring DispatcherServlet 'dispatcherServlet'
2019-12-12 19:23:09.400 INFO [http-nio-8081-exec-1]org.springframework.web.servlet.DispatcherServlet.initServletBean:524 -Initializing Servlet 'dispatcherServlet'
2019-12-12 19:23:09.428 INFO [http-nio-8081-exec-1]org.springframework.web.servlet.DispatcherServlet.initServletBean:546 -Completed initialization in 27 ms
2019-12-12 19:23:12.133 INFO [http-nio-8081-exec-3]com.alibaba.druid.pool.DruidDataSource.init:922 -{dataSource-1} inited
2019-12-12 19:25:49.378 WARN [http-nio-8081-exec-2]o.s.w.s.mvc.support.DefaultHandlerExceptionResolver.logException:197 -Resolved [org.springframework.web.HttpRequestMethodNotSupportedException: Request method 'POST' not supported]
2019-12-12 19:40:13.973 INFO [restartedMain]com.hosptialsys.App.logStarting:50 -Starting App on DESKTOP-ST4S1L6 with PID 148032 (started by 伍代涛20164401 in C:\Users\伍代涛20164401\Downloads\eclipse-jee-oxygen-R-win32-x86_64\eclipse-jee-oxygen-R-win32-x86_64\eclipse\hosptialsys)
2019-12-12 19:40:13.980 INFO [restartedMain]com.hosptialsys.App.logStartupProfileInfo:675 -No active profile set, falling back to default profiles: default
2019-12-12 19:40:14.134 INFO [restartedMain]o.s.b.devtools.env.DevToolsPropertyDefaultsPostProcessor.logTo:227 -Devtools property defaults active! Set 'spring.devtools.add-properties' to 'false' to disable
2019-12-12 19:40:14.135 INFO [restartedMain]o.s.b.devtools.env.DevToolsPropertyDefaultsPostProcessor.logTo:227 -For additional web related logging consider setting the 'logging.level.web' property to 'DEBUG'
2019-12-12 19:40:16.454 INFO [restartedMain]o.s.d.repository.config.RepositoryConfigurationDelegate.multipleStoresDetected:244 -Multiple Spring Data modules found, entering strict repository configuration mode!
2019-12-12 19:40:16.458 INFO [restartedMain]o.s.d.repository.config.RepositoryConfigurationDelegate.registerRepositoriesIn:126 -Bootstrapping Spring Data repositories in DEFAULT mode.
2019-12-12 19:40:16.540 INFO [restartedMain]o.s.d.repository.config.RepositoryConfigurationDelegate.registerRepositoriesIn:182 -Finished Spring Data repository scanning in 62ms. Found 0 repository interfaces.
2019-12-12 19:40:17.502 INFO [restartedMain]o.s.c.s.PostProcessorRegistrationDelegate$BeanPostProcessorChecker.postProcessAfterInitialization:330 -Bean 'org.springframework.transaction.annotation.ProxyTransactionManagementConfiguration' of type [org.springframework.transaction.annotation.ProxyTransactionManagementConfiguration$$EnhancerBySpringCGLIB$$f0d9044b] is not eligible for getting processed by all BeanPostProcessors (for example: not eligible for auto-proxying)
2019-12-12 19:40:19.053 INFO [restartedMain]o.s.boot.web.embedded.tomcat.TomcatWebServer.initialize:90 -Tomcat initialized with port(s): 8081 (http)
2019-12-12 19:40:19.079 INFO [restartedMain]org.apache.coyote.http11.Http11NioProtocol.log:173 -Initializing ProtocolHandler ["http-nio-8081"]
2019-12-12 19:40:19.218 INFO [restartedMain]org.apache.catalina.core.StandardService.log:173 -Starting service [Tomcat]
2019-12-12 19:40:19.219 INFO [restartedMain]org.apache.catalina.core.StandardEngine.log:173 -Starting Servlet engine: [Apache Tomcat/9.0.17]
2019-12-12 19:40:19.560 INFO [restartedMain]o.a.catalina.core.ContainerBase.[Tomcat].[localhost].[/].log:173 -Initializing Spring embedded WebApplicationContext
2019-12-12 19:40:19.561 INFO [restartedMain]org.springframework.web.context.ContextLoader.prepareWebApplicationContext:296 -Root WebApplicationContext: initialization completed in 5425 ms
2019-12-12 19:40:22.505 INFO [restartedMain]o.s.scheduling.concurrent.ThreadPoolTaskExecutor.initialize:171 -Initializing ExecutorService 'applicationTaskExecutor'
2019-12-12 19:40:24.677 INFO [restartedMain]o.s.boot.devtools.autoconfigure.OptionalLiveReloadServer.startServer:57 -LiveReload server is running on port 35729
2019-12-12 19:40:24.817 INFO [restartedMain]org.apache.coyote.http11.Http11NioProtocol.log:173 -Starting ProtocolHandler ["http-nio-8081"]
2019-12-12 19:40:25.029 INFO [restartedMain]o.s.boot.web.embedded.tomcat.TomcatWebServer.start:204 -Tomcat started on port(s): 8081 (http) with context path ''
2019-12-12 19:40:25.034 INFO [restartedMain]com.hosptialsys.App.logStarted:59 -Started App in 11.921 seconds (JVM running for 12.927)
2019-12-12 19:41:27.219 INFO [http-nio-8081-exec-1]o.a.catalina.core.ContainerBase.[Tomcat].[localhost].[/].log:173 -Initializing Spring DispatcherServlet 'dispatcherServlet'
2019-12-12 19:41:27.220 INFO [http-nio-8081-exec-1]org.springframework.web.servlet.DispatcherServlet.initServletBean:524 -Initializing Servlet 'dispatcherServlet'
2019-12-12 19:41:27.243 INFO [http-nio-8081-exec-1]org.springframework.web.servlet.DispatcherServlet.initServletBean:546 -Completed initialization in 23 ms
2019-12-12 19:41:28.724 INFO [http-nio-8081-exec-7]com.alibaba.druid.pool.DruidDataSource.init:922 -{dataSource-1} inited
2019-12-12 19:47:56.497 INFO [restartedMain]com.hosptialsys.App.logStarting:50 -Starting App on DESKTOP-ST4S1L6 with PID 106424 (started by 伍代涛20164401 in C:\Users\伍代涛20164401\Downloads\eclipse-jee-oxygen-R-win32-x86_64\eclipse-jee-oxygen-R-win32-x86_64\eclipse\hosptialsys)
2019-12-12 19:47:56.504 INFO [restartedMain]com.hosptialsys.App.logStartupProfileInfo:675 -No active profile set, falling back to default profiles: default
2019-12-12 19:47:56.651 INFO [restartedMain]o.s.b.devtools.env.DevToolsPropertyDefaultsPostProcessor.logTo:227 -Devtools property defaults active! Set 'spring.devtools.add-properties' to 'false' to disable
2019-12-12 19:47:56.651 INFO [restartedMain]o.s.b.devtools.env.DevToolsPropertyDefaultsPostProcessor.logTo:227 -For additional web related logging consider setting the 'logging.level.web' property to 'DEBUG'
2019-12-12 19:47:59.554 INFO [restartedMain]o.s.d.repository.config.RepositoryConfigurationDelegate.multipleStoresDetected:244 -Multiple Spring Data modules found, entering strict repository configuration mode!
2019-12-12 19:47:59.558 INFO [restartedMain]o.s.d.repository.config.RepositoryConfigurationDelegate.registerRepositoriesIn:126 -Bootstrapping Spring Data repositories in DEFAULT mode.
2019-12-12 19:47:59.637 INFO [restartedMain]o.s.d.repository.config.RepositoryConfigurationDelegate.registerRepositoriesIn:182 -Finished Spring Data repository scanning in 54ms. Found 0 repository interfaces.
2019-12-12 19:48:00.677 INFO [restartedMain]o.s.c.s.PostProcessorRegistrationDelegate$BeanPostProcessorChecker.postProcessAfterInitialization:330 -Bean 'org.springframework.transaction.annotation.ProxyTransactionManagementConfiguration' of type [org.springframework.transaction.annotation.ProxyTransactionManagementConfiguration$$EnhancerBySpringCGLIB$$f9a9667f] is not eligible for getting processed by all BeanPostProcessors (for example: not eligible for auto-proxying)
2019-12-12 19:48:02.180 INFO [restartedMain]o.s.boot.web.embedded.tomcat.TomcatWebServer.initialize:90 -Tomcat initialized with port(s): 8081 (http)
2019-12-12 19:48:02.218 INFO [restartedMain]org.apache.coyote.http11.Http11NioProtocol.log:173 -Initializing ProtocolHandler ["http-nio-8081"]
2019-12-12 19:48:02.411 INFO [restartedMain]org.apache.catalina.core.StandardService.log:173 -Starting service [Tomcat]
2019-12-12 19:48:02.412 INFO [restartedMain]org.apache.catalina.core.StandardEngine.log:173 -Starting Servlet engine: [Apache Tomcat/9.0.17]
2019-12-12 19:48:02.817 INFO [restartedMain]o.a.catalina.core.ContainerBase.[Tomcat].[localhost].[/].log:173 -Initializing Spring embedded WebApplicationContext
2019-12-12 19:48:02.818 INFO [restartedMain]org.springframework.web.context.ContextLoader.prepareWebApplicationContext:296 -Root WebApplicationContext: initialization completed in 6166 ms
2019-12-12 19:48:04.827 INFO [restartedMain]o.s.scheduling.concurrent.ThreadPoolTaskExecutor.initialize:171 -Initializing ExecutorService 'applicationTaskExecutor'
2019-12-12 19:48:06.766 INFO [restartedMain]o.s.boot.devtools.autoconfigure.OptionalLiveReloadServer.startServer:57 -LiveReload server is running on port 35729
2019-12-12 19:48:06.861 INFO [restartedMain]org.apache.coyote.http11.Http11NioProtocol.log:173 -Starting ProtocolHandler ["http-nio-8081"]
2019-12-12 19:48:06.942 INFO [restartedMain]o.s.boot.web.embedded.tomcat.TomcatWebServer.start:204 -Tomcat started on port(s): 8081 (http) with context path ''
2019-12-12 19:48:06.951 INFO [restartedMain]com.hosptialsys.App.logStarted:59 -Started App in 11.509 seconds (JVM running for 12.503)
2019-12-12 19:48:11.642 INFO [http-nio-8081-exec-1]o.a.catalina.core.ContainerBase.[Tomcat].[localhost].[/].log:173 -Initializing Spring DispatcherServlet 'dispatcherServlet'
2019-12-12 19:48:11.643 INFO [http-nio-8081-exec-1]org.springframework.web.servlet.DispatcherServlet.initServletBean:524 -Initializing Servlet 'dispatcherServlet'
2019-12-12 19:48:11.665 INFO [http-nio-8081-exec-1]org.springframework.web.servlet.DispatcherServlet.initServletBean:546 -Completed initialization in 22 ms
2019-12-12 19:48:12.588 INFO [http-nio-8081-exec-6]com.alibaba.druid.pool.DruidDataSource.init:922 -{dataSource-1} inited
2019-12-12 20:09:42.512 WARN [http-nio-8081-exec-5]o.s.w.s.mvc.support.DefaultHandlerExceptionResolver.logException:197 -Resolved [org.springframework.web.HttpRequestMethodNotSupportedException: Request method 'POST' not supported]
2019-12-12 21:06:48.148 INFO [restartedMain]com.hosptialsys.App.logStarting:50 -Starting App on DESKTOP-ST4S1L6 with PID 130940 (started by 伍代涛20164401 in C:\Users\伍代涛20164401\Downloads\eclipse-jee-oxygen-R-win32-x86_64\eclipse-jee-oxygen-R-win32-x86_64\eclipse\hosptialsys)
2019-12-12 21:06:48.156 INFO [restartedMain]com.hosptialsys.App.logStartupProfileInfo:675 -No active profile set, falling back to default profiles: default
2019-12-12 21:06:48.289 INFO [restartedMain]o.s.b.devtools.env.DevToolsPropertyDefaultsPostProcessor.logTo:227 -Devtools property defaults active! Set 'spring.devtools.add-properties' to 'false' to disable
2019-12-12 21:06:48.289 INFO [restartedMain]o.s.b.devtools.env.DevToolsPropertyDefaultsPostProcessor.logTo:227 -For additional web related logging consider setting the 'logging.level.web' property to 'DEBUG'
2019-12-12 21:06:51.407 INFO [restartedMain]o.s.d.repository.config.RepositoryConfigurationDelegate.multipleStoresDetected:244 -Multiple Spring Data modules found, entering strict repository configuration mode!
2019-12-12 21:06:51.413 INFO [restartedMain]o.s.d.repository.config.RepositoryConfigurationDelegate.registerRepositoriesIn:126 -Bootstrapping Spring Data repositories in DEFAULT mode.
2019-12-12 21:06:51.580 INFO [restartedMain]o.s.d.repository.config.RepositoryConfigurationDelegate.registerRepositoriesIn:182 -Finished Spring Data repository scanning in 112ms. Found 0 repository interfaces.
2019-12-12 21:06:52.674 INFO [restartedMain]o.s.c.s.PostProcessorRegistrationDelegate$BeanPostProcessorChecker.postProcessAfterInitialization:330 -Bean 'org.springframework.transaction.annotation.ProxyTransactionManagementConfiguration' of type [org.springframework.transaction.annotation.ProxyTransactionManagementConfiguration$$EnhancerBySpringCGLIB$$5b7e8c02] is not eligible for getting processed by all BeanPostProcessors (for example: not eligible for auto-proxying)
2019-12-12 21:06:54.410 INFO [restartedMain]o.s.boot.web.embedded.tomcat.TomcatWebServer.initialize:90 -Tomcat initialized with port(s): 8081 (http)
2019-12-12 21:06:54.456 INFO [restartedMain]org.apache.coyote.http11.Http11NioProtocol.log:173 -Initializing ProtocolHandler ["http-nio-8081"]
2019-12-12 21:06:54.627 INFO [restartedMain]org.apache.catalina.core.StandardService.log:173 -Starting service [Tomcat]
2019-12-12 21:06:54.628 INFO [restartedMain]org.apache.catalina.core.StandardEngine.log:173 -Starting Servlet engine: [Apache Tomcat/9.0.17]
2019-12-12 21:06:55.048 INFO [restartedMain]o.a.catalina.core.ContainerBase.[Tomcat].[localhost].[/].log:173 -Initializing Spring embedded WebApplicationContext
2019-12-12 21:06:55.049 INFO [restartedMain]org.springframework.web.context.ContextLoader.prepareWebApplicationContext:296 -Root WebApplicationContext: initialization completed in 6759 ms
2019-12-12 21:06:56.534 INFO [restartedMain]o.s.scheduling.concurrent.ThreadPoolTaskExecutor.initialize:171 -Initializing ExecutorService 'applicationTaskExecutor'
2019-12-12 21:06:58.696 INFO [restartedMain]o.s.boot.devtools.autoconfigure.OptionalLiveReloadServer.startServer:57 -LiveReload server is running on port 35729
2019-12-12 21:06:58.856 INFO [restartedMain]org.apache.coyote.http11.Http11NioProtocol.log:173 -Starting ProtocolHandler ["http-nio-8081"]
2019-12-12 21:06:59.020 INFO [restartedMain]o.s.boot.web.embedded.tomcat.TomcatWebServer.start:204 -Tomcat started on port(s): 8081 (http) with context path ''
2019-12-12 21:06:59.041 INFO [restartedMain]com.hosptialsys.App.logStarted:59 -Started App in 11.927 seconds (JVM running for 13.509)
2019-12-12 21:07:09.034 INFO [http-nio-8081-exec-1]o.a.catalina.core.ContainerBase.[Tomcat].[localhost].[/].log:173 -Initializing Spring DispatcherServlet 'dispatcherServlet'
2019-12-12 21:07:09.035 INFO [http-nio-8081-exec-1]org.springframework.web.servlet.DispatcherServlet.initServletBean:524 -Initializing Servlet 'dispatcherServlet'
2019-12-12 21:07:09.081 INFO [http-nio-8081-exec-1]org.springframework.web.servlet.DispatcherServlet.initServletBean:546 -Completed initialization in 46 ms
2019-12-12 21:07:24.954 INFO [http-nio-8081-exec-4]com.alibaba.druid.pool.DruidDataSource.init:922 -{dataSource-1} inited
